<?xml version="1.0" encoding="UTF-8" ?>
<testsuite tests="1" failures="0" name="org.example.InMemoryH2Test" time="3.138" errors="1" skipped="0">
  <properties>
[...]
</properties>
  <testcase classname="org.example.InMemoryH2Test" name="org.example.InMemoryH2Test" time="3.138">
    <error message="javax/xml/bind/JAXBException" type="java.lang.NoClassDefFoundError">java.lang.NoClassDefFoundError: javax/xml/bind/JAXBException
	at org.camunda.spin.impl.xml.dom.format.DomXmlDataFormat.defaultJaxBContextProvider(DomXmlDataFormat.java:165)
	at org.camunda.spin.impl.xml.dom.format.DomXmlDataFormat.&lt;init&gt;(DomXmlDataFormat.java:65)
	at org.camunda.spin.impl.xml.dom.format.DomXmlDataFormat.&lt;init&gt;(DomXmlDataFormat.java:53)
	at org.camunda.spin.impl.xml.dom.format.DomXmlDataFormatProvider.createInstance(DomXmlDataFormatProvider.java:32)
	at org.camunda.spin.DataFormats.registerProvider(DataFormats.java:152)
	at org.camunda.spin.DataFormats.registerCustomDataFormats(DataFormats.java:140)
	at org.camunda.spin.DataFormats.registerDataFormats(DataFormats.java:124)
	at org.camunda.spin.DataFormats.loadDataFormats(DataFormats.java:181)
	at org.camunda.spin.plugin.impl.SpinProcessEnginePlugin.preInit(SpinProcessEnginePlugin.java:39)
	at org.camunda.bpm.engine.impl.cfg.ProcessEngineConfigurationImpl.invokePreInit(ProcessEngineConfigurationImpl.java:943)
	at org.camunda.bpm.engine.impl.cfg.ProcessEngineConfigurationImpl.init(ProcessEngineConfigurationImpl.java:770)
	at org.camunda.bpm.extension.process_test_coverage.junit.rules.ProcessCoverageInMemProcessEngineConfiguration.init(ProcessCoverageInMemProcessEngineConfiguration.java:18)
	at org.camunda.bpm.engine.impl.cfg.ProcessEngineConfigurationImpl.buildProcessEngine(ProcessEngineConfigurationImpl.java:761)
	at org.camunda.bpm.engine.impl.test.TestHelper.getProcessEngine(TestHelper.java:428)
	at org.camunda.bpm.engine.test.ProcessEngineRule.initializeProcessEngine(ProcessEngineRule.java:172)
	at org.camunda.bpm.engine.test.ProcessEngineRule.apply(ProcessEngineRule.java:154)
	at org.camunda.bpm.extension.process_test_coverage.junit.rules.TestCoverageProcessEngineRule.apply(TestCoverageProcessEngineRule.java:399)
	at org.junit.rules.RunRules.applyAll(RunRules.java:26)
	at org.junit.rules.RunRules.&lt;init&gt;(RunRules.java:15)
	at org.junit.runners.ParentRunner.withClassRules(ParentRunner.java:245)
	at org.junit.runners.ParentRunner.classBlock(ParentRunner.java:194)
	at org.junit.runners.ParentRunner.run(ParentRunner.java:362)
	at org.apache.maven.surefire.junit4.JUnit4Provider.execute(JUnit4Provider.java:252)
	at org.apache.maven.surefire.junit4.JUnit4Provider.executeTestSet(JUnit4Provider.java:141)
	at org.apache.maven.surefire.junit4.JUnit4Provider.invoke(JUnit4Provider.java:112)
	at java.base/jdk.internal.reflect.NativeMethodAccessorImpl.invoke0(Native Method)
	at java.base/jdk.internal.reflect.NativeMethodAccessorImpl.invoke(NativeMethodAccessorImpl.java:62)
	at java.base/jdk.internal.reflect.DelegatingMethodAccessorImpl.invoke(DelegatingMethodAccessorImpl.java:43)
	at java.base/java.lang.reflect.Method.invoke(Method.java:564)
	at org.apache.maven.surefire.util.ReflectionUtils.invokeMethodWithArray(ReflectionUtils.java:189)
	at org.apache.maven.surefire.booter.ProviderFactory$ProviderProxy.invoke(ProviderFactory.java:165)
	at org.apache.maven.surefire.booter.ProviderFactory.invokeProvider(ProviderFactory.java:85)
	at org.apache.maven.surefire.booter.ForkedBooter.runSuitesInProcess(ForkedBooter.java:115)
	at org.apache.maven.surefire.booter.ForkedBooter.main(ForkedBooter.java:75)
Caused by: java.lang.ClassNotFoundException: javax.xml.bind.JAXBException
	at java.base/jdk.internal.loader.BuiltinClassLoader.loadClass(BuiltinClassLoader.java:602)
	at java.base/jdk.internal.loader.ClassLoaders$AppClassLoader.loadClass(ClassLoaders.java:178)
	at java.base/java.lang.ClassLoader.loadClass(ClassLoader.java:522)
	... 34 more
</error>
    <system-out>12:42:32.270 [main] DEBUG org.camunda.bpm.engine.test - ==== BUILDING PROCESS ENGINE ========================================================================
12:42:32.450 [main] INFO  o.s.b.f.xml.XmlBeanDefinitionReader - Loading XML bean definitions from class path resource [camunda.cfg.xml]
12:42:34.246 [main] INFO  org.camunda.bpm.engine.cfg - ENGINE-12003 Plugin &apos;SpinProcessEnginePlugin&apos; activated on process engine &apos;default&apos;
12:42:34.263 [main] INFO  org.camunda.spin - SPIN-01010 Discovered Spin data format provider: org.camunda.spin.impl.json.jackson.format.JacksonJsonDataFormatProvider[name = application/json]
12:42:34.711 [main] INFO  org.camunda.spin - SPIN-01010 Discovered Spin data format provider: org.camunda.spin.impl.xml.dom.format.DomXmlDataFormatProvider[name = application/xml]
</system-out>
  </testcase>
</testsuite>